<?xml version="1.0" encoding="UTF-8"?>
<testsuite xmlns:xsi="http://www.w3.org/2001/XMLSchema-instance" xsi:noNamespaceSchemaLocation="https://maven.apache.org/surefire/maven-surefire-plugin/xsd/surefire-test-report.xsd" version="3.0.2" name="br.unisinos.uni4read.Uni4readApplicationTests" time="3.268" tests="1" errors="0" skipped="0" failures="0" flakes="0">
  <properties>
[...]
</properties>
  <testcase name="contextLoads" classname="br.unisinos.uni4read.Uni4readApplicationTests" time="0.006">
    <system-out><![CDATA[2026-09-09T11:30:44.423-03:00  INFO 15456 --- [uni4read] [           main] t.c.s.AnnotationConfigContextLoaderUtils : Could not detect default configuration classes for test class [br.unisinos.uni4read.Uni4readApplicationTests]: Uni4readApplicationTests does not declare any static, non-private, non-final, nested classes annotated with @Configuration.
2026-09-09T11:30:44.434-03:00  INFO 15456 --- [uni4read] [           main] .b.t.c.SpringBootTestContextBootstrapper : Found @SpringBootConfiguration br.unisinos.uni4read.Uni4readApplication for test class br.unisinos.uni4read.Uni4readApplicationTests
2026-09-09T11:30:44.441-03:00  INFO 15456 --- [uni4read] [           main] t.c.s.AnnotationConfigContextLoaderUtils : Could not detect default configuration classes for test class [br.unisinos.uni4read.Uni4readApplicationTests]: Uni4readApplicationTests does not declare any static, non-private, non-final, nested classes annotated with @Configuration.
2026-09-09T11:30:44.443-03:00  INFO 15456 --- [uni4read] [           main] .b.t.c.SpringBootTestContextBootstrapper : Found @SpringBootConfiguration br.unisinos.uni4read.Uni4readApplication for test class br.unisinos.uni4read.Uni4readApplicationTests
2026-09-09T11:30:44.458-03:00  INFO 15456 --- [uni4read] [           main] o.s.b.d.r.RestartApplicationListener     : Restart disabled due to context in which it is running

  .   ____          _            __ _ _
 /\\ / ___'_ __ _ _(_)_ __  __ _ \ \ \ \
( ( )\___ | '_ | '_| | '_ \/ _` | \ \ \ \
 \\/  ___)| |_)| | | | | || (_| |  ) ) ) )
  '  |____| .__|_| |_|_| |_\__, | / / / /
 =========|_|==============|___/=/_/_/_/

 :: Spring Boot ::                (v4.1.1)

2026-09-09T11:30:44.512-03:00  INFO 15456 --- [uni4read] [           main] b.u.uni4read.Uni4readApplicationTests    : Starting Uni4readApplicationTests using Java 17.0.10 with PID 15456 (started by CaLe774 in C:\Users\CaLe774\Downloads\uni4read\uni4read)
2026-09-09T11:30:44.513-03:00  INFO 15456 --- [uni4read] [           main] b.u.uni4read.Uni4readApplicationTests    : No active profile set, falling back to 1 default profile: "default"
2026-09-09T11:30:45.060-03:00  INFO 15456 --- [uni4read] [           main] .s.d.r.c.RepositoryConfigurationDelegate : Bootstrapping Spring Data JPA repositories in DEFAULT mode.
2026-09-09T11:30:45.090-03:00  INFO 15456 --- [uni4read] [           main] .s.d.r.c.RepositoryConfigurationDelegate : Finished Spring Data repository scanning in 26 ms. Found 4 JPA repository interfaces.
2026-09-09T11:30:45.435-03:00  INFO 15456 --- [uni4read] [           main] org.hibernate.orm.jpa                    : HHH008540: Processing PersistenceUnitInfo [name: default]
2026-09-09T11:30:45.545-03:00  INFO 15456 --- [uni4read] [           main] o.s.o.j.p.SpringPersistenceUnitInfo      : No LoadTimeWeaver setup: ignoring JPA class transformer
2026-09-09T11:30:45.547-03:00  INFO 15456 --- [uni4read] [           main] com.zaxxer.hikari.HikariDataSource       : HikariPool-1 - Starting...
2026-09-09T11:30:45.596-03:00  INFO 15456 --- [uni4read] [           main] com.zaxxer.hikari.pool.HikariPool        : HikariPool-1 - Added connection conn8: url=jdbc:h2:mem:uni4read user=SA
2026-09-09T11:30:45.603-03:00  INFO 15456 --- [uni4read] [           main] com.zaxxer.hikari.HikariDataSource       : HikariPool-1 - Start completed.
2026-09-09T11:30:45.622-03:00  INFO 15456 --- [uni4read] [           main] org.hibernate.orm.connections.pooling    : HHH10001005: Database info:
	Database JDBC URL [jdbc:h2:mem:uni4read]
	Database driver: H2 JDBC Driver
	Database dialect: H2Dialect
	Database version: 2.4.240
	Default catalog/schema: UNI4READ/PUBLIC
	Autocommit mode: undefined/unknown
	Isolation level: READ_COMMITTED [default READ_COMMITTED]
	JDBC fetch size: 100
	Pool: DataSourceConnectionProvider
	Minimum pool size: undefined/unknown
	Maximum pool size: undefined/unknown
2026-09-09T11:30:45.735-03:00  INFO 15456 --- [uni4read] [           main] org.hibernate.orm.core                   : HHH000489: No JTA platform available (set 'hibernate.transaction.jta.platform' to enable JTA platform integration)
2026-09-09T11:30:45.752-03:00  INFO 15456 --- [uni4read] [           main] j.LocalContainerEntityManagerFactoryBean : Initialized JPA EntityManagerFactory for persistence unit 'default'
2026-09-09T11:30:47.302-03:00  INFO 15456 --- [uni4read] [           main] o.s.b.h.a.H2ConsoleAutoConfiguration     : H2 console available at '/h2-console'. Database available at 'jdbc:h2:mem:uni4read'
2026-09-09T11:30:47.633-03:00  INFO 15456 --- [uni4read] [           main] b.u.uni4read.Uni4readApplicationTests    : Started Uni4readApplicationTests in 3.176 seconds (process running for 11.299)
]]></system-out>
  </testcase>
</testsuite>