<?xml version="1.0" encoding="UTF-8"?>
<testsuite xmlns:xsi="http://www.w3.org/2001/XMLSchema-instance" xsi:noNamespaceSchemaLocation="https://maven.apache.org/surefire/maven-surefire-plugin/xsd/surefire-test-report.xsd" version="3.0.2" name="br.unisinos.uni4read.repository.FeedActivityRepositoryTest" time="7.431" tests="3" errors="0" skipped="0" failures="0" flakes="0">
  <properties>
[...]
</properties>
  <testcase name="rejectsDuplicateReactionForTheSameUserAndActivity" classname="br.unisinos.uni4read.repository.FeedActivityRepositoryTest" time="1.645">
    <system-out><![CDATA[11:30:37.188 [main] INFO org.springframework.test.context.support.AnnotationConfigContextLoaderUtils -- Could not detect default configuration classes for test class [br.unisinos.uni4read.repository.FeedActivityRepositoryTest]: FeedActivityRepositoryTest does not declare any static, non-private, non-final, nested classes annotated with @Configuration.
11:30:37.311 [main] INFO org.springframework.boot.test.context.SpringBootTestContextBootstrapper -- Found @SpringBootConfiguration br.unisinos.uni4read.Uni4readApplication for test class br.unisinos.uni4read.repository.FeedActivityRepositoryTest
11:30:37.313 [main] INFO org.springframework.test.context.support.AnnotationConfigContextLoaderUtils -- Could not detect default configuration classes for test class [br.unisinos.uni4read.repository.FeedActivityRepositoryTest]: FeedActivityRepositoryTest does not declare any static, non-private, non-final, nested classes annotated with @Configuration.
11:30:37.334 [main] INFO org.springframework.boot.test.context.SpringBootTestContextBootstrapper -- Found @SpringBootConfiguration br.unisinos.uni4read.Uni4readApplication for test class br.unisinos.uni4read.repository.FeedActivityRepositoryTest
11:30:37.426 [main] INFO org.springframework.boot.devtools.restart.RestartApplicationListener -- Restart disabled due to context in which it is running

  .   ____          _            __ _ _
 /\\ / ___'_ __ _ _(_)_ __  __ _ \ \ \ \
( ( )\___ | '_ | '_| | '_ \/ _` | \ \ \ \
 \\/  ___)| |_)| | | | | || (_| |  ) ) ) )
  '  |____| .__|_| |_|_| |_\__, | / / / /
 =========|_|==============|___/=/_/_/_/

 :: Spring Boot ::                (v4.1.1)

2026-09-09T11:30:37.820-03:00  INFO 15456 --- [uni4read] [           main] b.u.u.r.FeedActivityRepositoryTest       : Starting FeedActivityRepositoryTest using Java 17.0.10 with PID 15456 (started by CaLe774 in C:\Users\CaLe774\Downloads\uni4read\uni4read)
2026-09-09T11:30:37.822-03:00  INFO 15456 --- [uni4read] [           main] b.u.u.r.FeedActivityRepositoryTest       : No active profile set, falling back to 1 default profile: "default"
2026-09-09T11:30:38.233-03:00  INFO 15456 --- [uni4read] [           main] .s.d.r.c.RepositoryConfigurationDelegate : Bootstrapping Spring Data JPA repositories in DEFAULT mode.
2026-09-09T11:30:38.325-03:00  INFO 15456 --- [uni4read] [           main] .s.d.r.c.RepositoryConfigurationDelegate : Finished Spring Data repository scanning in 79 ms. Found 4 JPA repository interfaces.
2026-09-09T11:30:38.420-03:00  INFO 15456 --- [uni4read] [           main] beddedDataSourceBeanFactoryPostProcessor : Replacing 'dataSource' DataSource bean with embedded version
2026-09-09T11:30:38.724-03:00  INFO 15456 --- [uni4read] [           main] o.s.j.d.e.EmbeddedDatabaseFactory        : Starting embedded database: url='jdbc:h2:mem:9639cb9e-5a28-4fa6-818d-2a0a4aed90ea;DB_CLOSE_DELAY=-1;DB_CLOSE_ON_EXIT=false', username='sa'
2026-09-09T11:30:38.993-03:00  INFO 15456 --- [uni4read] [           main] org.hibernate.orm.jpa                    : HHH008540: Processing PersistenceUnitInfo [name: default]
2026-09-09T11:30:39.054-03:00  INFO 15456 --- [uni4read] [           main] org.hibernate.orm.core                   : HHH000001: Hibernate ORM core version 7.4.5.Final
2026-09-09T11:30:39.775-03:00  INFO 15456 --- [uni4read] [           main] o.s.o.j.p.SpringPersistenceUnitInfo      : No LoadTimeWeaver setup: ignoring JPA class transformer
2026-09-09T11:30:39.890-03:00  INFO 15456 --- [uni4read] [           main] org.hibernate.orm.connections.pooling    : HHH10001005: Database info:
	Database JDBC URL [jdbc:h2:mem:9639cb9e-5a28-4fa6-818d-2a0a4aed90ea]
	Database driver: H2 JDBC Driver
	Database dialect: H2Dialect
	Database version: 2.4.240
	Default catalog/schema: 9639CB9E-5A28-4FA6-818D-2A0A4AED90EA/PUBLIC
	Autocommit mode: undefined/unknown
	Isolation level: READ_COMMITTED [default READ_COMMITTED]
	JDBC fetch size: 100
	Pool: DataSourceConnectionProvider
	Minimum pool size: undefined/unknown
	Maximum pool size: undefined/unknown
2026-09-09T11:30:41.111-03:00  INFO 15456 --- [uni4read] [           main] org.hibernate.orm.core                   : HHH000489: No JTA platform available (set 'hibernate.transaction.jta.platform' to enable JTA platform integration)
Hibernate: drop table if exists books cascade 
Hibernate: drop table if exists feed_activities cascade 
Hibernate: drop table if exists reactions cascade 
Hibernate: drop table if exists users cascade 
Hibernate: create table books (id uuid not null, author varchar(255) not null, cover_url varchar(255), title varchar(255) not null, primary key (id))
Hibernate: create table feed_activities (created_at timestamp(6) with time zone not null, book_id uuid not null, id uuid not null, user_id uuid not null, status enum ('READ','READING') not null, primary key (id))
Hibernate: create table reactions (activity_id uuid not null, id uuid not null, user_id uuid not null, type enum ('DISLIKE','LIKE') not null, primary key (id), constraint uk_reaction_activity_user unique (activity_id, user_id))
Hibernate: create table users (id uuid not null, avatar_url varchar(255), name varchar(255) not null, primary key (id))
Hibernate: alter table if exists feed_activities add constraint FKm41klltfcn5d16u1t6up4egfe foreign key (book_id) references books
Hibernate: alter table if exists feed_activities add constraint FK9sisr95xah8xnkrb37qw4i4l foreign key (user_id) references users
Hibernate: alter table if exists reactions add constraint FKco5sdpmfuri4d0e10epy768fj foreign key (activity_id) references feed_activities
Hibernate: alter table if exists reactions add constraint FKqmewaibcp5bxtlqxc2cawhuln foreign key (user_id) references users
2026-09-09T11:30:41.188-03:00  INFO 15456 --- [uni4read] [           main] j.LocalContainerEntityManagerFactoryBean : Initialized JPA EntityManagerFactory for persistence unit 'default'
2026-09-09T11:30:41.359-03:00  INFO 15456 --- [uni4read] [           main] o.s.d.j.r.query.QueryEnhancerFactories   : Hibernate is in classpath; If applicable, HQL parser will be used.
2026-09-09T11:30:41.870-03:00  INFO 15456 --- [uni4read] [           main] b.u.u.r.FeedActivityRepositoryTest       : Started FeedActivityRepositoryTest in 4.455 seconds (process running for 5.536)
Hibernate: select fa1_0.id,fa1_0.book_id,fa1_0.created_at,fa1_0.status,fa1_0.user_id from feed_activities fa1_0 where fa1_0.id=?
Hibernate: select u1_0.id,u1_0.avatar_url,u1_0.name from users u1_0 where u1_0.id=?
Hibernate: insert into reactions (activity_id,type,user_id,id) values (?,?,?,?)
2026-09-09T11:30:43.485-03:00  WARN 15456 --- [uni4read] [           main] org.hibernate.orm.jdbc.error             : HHH000247: ErrorCode: 23505, SQLState: 23505
2026-09-09T11:30:43.486-03:00  WARN 15456 --- [uni4read] [           main] org.hibernate.orm.jdbc.error             : Unique index or primary key violation: "PUBLIC.UK_REACTION_ACTIVITY_USER INDEX PUBLIC.UK_REACTION_ACTIVITY_USER_INDEX_6 ON PUBLIC.REACTIONS(ACTIVITY_ID NULLS FIRST, USER_ID NULLS FIRST) VALUES ( /* key:1 */ UUID '30000000-0000-0000-0000-000000000001', UUID '10000000-0000-0000-0000-000000000002')"; SQL statement:
insert into reactions (activity_id,type,user_id,id) values (?,?,?,?) [23505-240]
]]></system-out>
  </testcase>
  <testcase name="assignsCreationTimeWhenSavingAnActivity" classname="br.unisinos.uni4read.repository.FeedActivityRepositoryTest" time="0.037">
    <system-out><![CDATA[Hibernate: select u1_0.id,u1_0.avatar_url,u1_0.name from users u1_0 where u1_0.id=?
Hibernate: select fa1_0.id,fa1_0.book_id,fa1_0.created_at,fa1_0.status,fa1_0.user_id from feed_activities fa1_0 where fa1_0.id=?
Hibernate: insert into feed_activities (book_id,created_at,status,user_id,id) values (?,?,?,?,?)
]]></system-out>
  </testcase>
  <testcase name="loadsSeededActivitiesAndReactions" classname="br.unisinos.uni4read.repository.FeedActivityRepositoryTest" time="0.819">
    <system-out><![CDATA[Hibernate: select fa1_0.id,fa1_0.book_id,fa1_0.created_at,fa1_0.status,fa1_0.user_id from feed_activities fa1_0 where fa1_0.id=?
Hibernate: select r1_0.id,r1_0.activity_id,r1_0.type,r1_0.user_id from reactions r1_0
Hibernate: select count(*) from feed_activities fa1_0
Hibernate: select u1_0.id,u1_0.avatar_url,u1_0.name from users u1_0 where u1_0.id=?
Hibernate: select b1_0.id,b1_0.author,b1_0.cover_url,b1_0.title from books b1_0 where b1_0.id=?
]]></system-out>
  </testcase>
</testsuite>